2024-04-23 09:08:46,623 WARN org.springframework.context.support.AbstractApplicationContext [main] Exception encountered during context initialization - cancelling refresh attempt: org.springframework.beans.factory.BeanCreationException: Error creating bean with name 'clazzsController': Injection of resource dependencies failed
2024-04-23 09:10:56,318 WARN org.springframework.context.support.AbstractApplicationContext [main] Exception encountered during context initialization - cancelling refresh attempt: org.springframework.beans.factory.BeanCreationException: Error creating bean with name 'clazzsController': Injection of resource dependencies failed
2024-04-23 09:11:19,695 WARN org.springframework.web.servlet.handler.AbstractHandlerExceptionResolver [http-nio-8080-exec-1] Resolved [org.springframework.web.HttpRequestMethodNotSupportedException: Request method 'GET' is not supported]
2024-04-23 09:11:41,443 WARN org.springframework.web.servlet.handler.AbstractHandlerExceptionResolver [http-nio-8080-exec-2] Resolved [org.springframework.web.HttpRequestMethodNotSupportedException: Request method 'GET' is not supported]
2024-04-23 09:26:11,935 WARN org.springframework.web.servlet.handler.AbstractHandlerExceptionResolver [http-nio-8080-exec-1] Resolved [org.springframework.web.bind.MissingServletRequestParameterException: Required request parameter 'clazz' for method parameter type Clazz is not present]
2024-04-23 09:27:03,042 WARN org.springframework.web.servlet.handler.AbstractHandlerExceptionResolver [http-nio-8080-exec-1] Resolved [org.springframework.web.bind.MissingServletRequestParameterException: Required request parameter 'clazz' for method parameter type Clazz is not present]
2024-04-23 09:28:31,726 WARN org.atao.tlias.service.clazzs.ClazzsServiceImpl [http-nio-8080-exec-2] PageInfo{pageNum=1, pageSize=5, size=5, startRow=1, endRow=5, total=5, pages=1, list=Page{count=true, pageNum=1, pageSize=5, startRow=0, endRow=5, total=5, pages=1, reasonable=false, pageSizeZero=false}[Clazz(id=1, name=JavaEE就业163期, room=212, beginDate=2023-04-30, endDate=2023-06-29, masterId=10, subject=1, createTime=2023-06-01T17:08:23, updateTime=2023-06-01T17:39:58, masterName=null, status=null), Clazz(id=4, name=前端就业90期, room=210, beginDate=2023-07-10, endDate=2024-01-20, masterId=3, subject=2, createTime=2023-06-01T17:45:12, updateTime=2023-06-01T17:45:12, masterName=null, status=null), Clazz(id=6, name=JavaEE就业166期, room=105, beginDate=2023-07-20, endDate=2024-02-20, masterId=20, subject=1, createTime=2023-06-01T17:46:10, updateTime=2023-06-01T17:46:10, masterName=null, status=null), Clazz(id=7, name=大数据就业58期, room=209, beginDate=2023-08-01, endDate=2024-02-15, masterId=7, subject=3, createTime=2023-06-01T17:51:21, updateTime=2023-06-01T17:51:21, masterName=null, status=null), Clazz(id=8, name=JavaEE就业167期, room=325, beginDate=2023-11-20, endDate=2024-05-10, masterId=36, subject=1, createTime=2023-11-15T11:35:46, updateTime=2023-12-13T14:31:24, masterName=null, status=null)], prePage=0, nextPage=0, isFirstPage=true, isLastPage=true, hasPreviousPage=false, hasNextPage=false, navigatePages=8, navigateFirstPage=1, navigateLastPage=1, navigatepageNums=[1]}
2024-04-23 09:28:41,543 WARN org.springframework.web.servlet.handler.AbstractHandlerExceptionResolver [http-nio-8080-exec-3] Resolved [org.springframework.web.bind.MissingServletRequestParameterException: Required request parameter 'clazz' for method parameter type Clazz is not present]
2024-04-23 09:28:43,998 WARN org.springframework.web.servlet.handler.AbstractHandlerExceptionResolver [http-nio-8080-exec-4] Resolved [org.springframework.web.bind.MissingServletRequestParameterException: Required request parameter 'clazz' for method parameter type Clazz is not present]
2024-04-23 09:28:44,236 WARN org.springframework.web.servlet.handler.AbstractHandlerExceptionResolver [http-nio-8080-exec-5] Resolved [org.springframework.web.bind.MissingServletRequestParameterException: Required request parameter 'clazz' for method parameter type Clazz is not present]
2024-04-23 09:28:44,562 WARN org.springframework.web.servlet.handler.AbstractHandlerExceptionResolver [http-nio-8080-exec-6] Resolved [org.springframework.web.bind.MissingServletRequestParameterException: Required request parameter 'clazz' for method parameter type Clazz is not present]
2024-04-23 09:28:44,726 WARN org.springframework.web.servlet.handler.AbstractHandlerExceptionResolver [http-nio-8080-exec-7] Resolved [org.springframework.web.bind.MissingServletRequestParameterException: Required request parameter 'clazz' for method parameter type Clazz is not present]
2024-04-23 09:28:44,873 WARN org.springframework.web.servlet.handler.AbstractHandlerExceptionResolver [http-nio-8080-exec-8] Resolved [org.springframework.web.bind.MissingServletRequestParameterException: Required request parameter 'clazz' for method parameter type Clazz is not present]
2024-04-23 09:28:45,026 WARN org.springframework.web.servlet.handler.AbstractHandlerExceptionResolver [http-nio-8080-exec-9] Resolved [org.springframework.web.bind.MissingServletRequestParameterException: Required request parameter 'clazz' for method parameter type Clazz is not present]
2024-04-23 09:28:45,178 WARN org.springframework.web.servlet.handler.AbstractHandlerExceptionResolver [http-nio-8080-exec-10] Resolved [org.springframework.web.bind.MissingServletRequestParameterException: Required request parameter 'clazz' for method parameter type Clazz is not present]
2024-04-23 10:03:31,897 WARN org.mariadb.jdbc.util.log.Slf4JLogger [http-nio-8080-exec-1] Error: 1064-42000: You have an error in your SQL syntax; check the manual that corresponds to your MariaDB server version for the right syntax to use near '=
          
            (
                `name` = 'JavaEE就业166期',
   ...' at line 3
2024-04-23 10:04:43,952 WARN org.mariadb.jdbc.util.log.Slf4JLogger [http-nio-8080-exec-1] Error: 1064-42000: You have an error in your SQL syntax; check the manual that corresponds to your MariaDB server version for the right syntax to use near '=
          
            (
                `name` = 'JavaEE就业166期',
   ...' at line 3
2024-04-23 10:24:14,581 WARN org.springframework.web.servlet.handler.AbstractHandlerExceptionResolver [http-nio-8080-exec-1] Resolved [org.springframework.web.HttpRequestMethodNotSupportedException: Request method 'GET' is not supported]
2024-04-23 10:43:15,240 WARN org.mariadb.jdbc.util.log.Slf4JLogger [http-nio-8080-exec-2] Error: 1062-23000: Duplicate entry '0' for key 'name'
2024-04-23 10:44:28,511 WARN org.mariadb.jdbc.util.log.Slf4JLogger [http-nio-8080-exec-3] Error: 1062-23000: Duplicate entry '0' for key 'name'
2024-04-23 10:54:52,445 WARN org.mariadb.jdbc.util.log.Slf4JLogger [http-nio-8080-exec-1] Error: 1062-23000: Duplicate entry 'JavaEE就业166期' for key 'name'
2024-04-23 11:15:59,229 WARN org.springframework.web.servlet.handler.AbstractHandlerExceptionResolver [http-nio-8080-exec-1] Resolved [org.springframework.http.converter.HttpMessageNotReadableException: Required request body is missing: public org.atao.tlias.POJO.Result org.atao.tlias.controller.ClazzsController.getClazzById(org.atao.tlias.POJO.Clazz)]
2024-04-23 11:16:57,741 WARN org.springframework.web.servlet.handler.AbstractHandlerExceptionResolver [http-nio-8080-exec-1] Resolved [org.springframework.http.converter.HttpMessageNotReadableException: Required request body is missing: public org.atao.tlias.POJO.Result org.atao.tlias.controller.ClazzsController.getClazzById(org.atao.tlias.POJO.Clazz)]
2024-04-23 14:20:41,355 WARN org.mariadb.jdbc.util.log.Slf4JLogger [http-nio-8080-exec-2] Error: 1062-23000: Duplicate entry '2024010801' for key 'no'
2024-04-23 14:26:31,760 WARN org.springframework.context.support.AbstractApplicationContext [main] Exception encountered during context initialization - cancelling refresh attempt: org.springframework.beans.factory.BeanCreationException: Error creating bean with name 'handlerExceptionResolver' defined in class path resource [org/springframework/boot/autoconfigure/web/servlet/WebMvcAutoConfiguration$EnableWebMvcConfiguration.class]: Failed to instantiate [org.springframework.web.servlet.HandlerExceptionResolver]: Factory method 'handlerExceptionResolver' threw exception with message: Ambiguous @ExceptionHandler method mapped for [class org.atao.tlias.exceptions.IllegalOptException]: {public org.springframework.http.ResponseEntity org.atao.tlias.config.ExcHandler.handler(java.lang.Exception), public org.atao.tlias.POJO.Result org.atao.tlias.config.ExcHandler.sqlHandler(java.lang.Exception)}
2024-04-23 14:26:49,977 WARN org.mariadb.jdbc.util.log.Slf4JLogger [http-nio-8080-exec-1] Error: 1062-23000: Duplicate entry '2024010801' for key 'no'
2024-04-23 14:27:21,210 WARN org.mariadb.jdbc.util.log.Slf4JLogger [http-nio-8080-exec-1] Error: 1062-23000: Duplicate entry '2024010801' for key 'no'
2024-04-23 14:29:20,614 WARN org.mariadb.jdbc.util.log.Slf4JLogger [http-nio-8080-exec-1] Error: 1062-23000: Duplicate entry '2024010801' for key 'no'
2024-04-23 14:30:08,150 WARN org.mariadb.jdbc.util.log.Slf4JLogger [http-nio-8080-exec-1] Error: 1062-23000: Duplicate entry '2024010801' for key 'no'
2024-04-23 15:08:22,336 WARN org.mariadb.jdbc.util.log.Slf4JLogger [http-nio-8080-exec-1] Error: 1064-42000: You have an error in your SQL syntax; check the manual that corresponds to your MariaDB server version for the right syntax to use near '`no` = '2023001010'
            
            
                `phone` = '1371...' at line 6
2024-04-23 15:09:48,299 WARN org.mariadb.jdbc.util.log.Slf4JLogger [http-nio-8080-exec-1] Error: 1064-42000: You have an error in your SQL syntax; check the manual that corresponds to your MariaDB server version for the right syntax to use near '`no` = '2023001010'
            
            
                `phone` = '1371...' at line 6
2024-04-23 15:13:14,709 WARN org.mariadb.jdbc.util.log.Slf4JLogger [http-nio-8080-exec-1] Error: 1064-42000: You have an error in your SQL syntax; check the manual that corresponds to your MariaDB server version for the right syntax to use near '`no` = '2023001010'
            
            
                `phone` = '1371...' at line 6
2024-04-23 15:13:54,002 WARN org.mariadb.jdbc.util.log.Slf4JLogger [http-nio-8080-exec-1] Error: 1054-42S22: Unknown column 'violation_socre' in 'field list'
2024-04-23 15:15:24,656 WARN org.mariadb.jdbc.util.log.Slf4JLogger [http-nio-8080-exec-1] Error: 1292-22007: Incorrect date value: '回龙观东大街110号' for column `tlias`.`student`.`graduation_date` at row 1
